

*******************************************************************************
Wed Sep 21 11:56:06 2016


FIT:    data read from "times" using 1:2
        format = x:z
        #datapoints = 11
        residuals are weighted equally (unit weight)

function used for fitting: f(x)
	f(x) = a*x*log(x) + b
fitted parameters initialized with current variable values

iter      chisq       delta/lim  lambda   a             b            
   0 3.6123664835e+07   0.00e+00  1.28e+03    1.000000e+00   1.000000e+00
   7 3.0594409659e-03  -6.23e-07  1.28e-04    6.948375e-04  -3.599984e-02

After 7 iterations the fit converged.
final sum of squares of residuals : 0.00305944
rel. change during last iteration : -6.22687e-12

degrees of freedom    (FIT_NDF)                        : 9
rms of residuals      (FIT_STDFIT) = sqrt(WSSR/ndf)    : 0.0184374
variance of residuals (reduced chisquare) = WSSR/ndf   : 0.000339938

Final set of parameters            Asymptotic Standard Error
=======================            ==========================
a               = 0.000694837      +/- 5.485e-06    (0.7894%)
b               = -0.0359998       +/- 0.009942     (27.62%)

correlation matrix of the fit parameters:
                a      b      
a               1.000 
b              -0.829  1.000 


*******************************************************************************
Wed Sep 21 11:56:06 2016


FIT:    data read from "times" using 1:3
        format = x:z
        #datapoints = 11
        residuals are weighted equally (unit weight)

function used for fitting: h(x)
	h(x) = e*x*log(x) + f
fitted parameters initialized with current variable values

iter      chisq       delta/lim  lambda   e             f            
   0 3.6172671594e+07   0.00e+00  1.28e+03    1.000000e+00   1.000000e+00
   8 5.7854400428e-10  -2.68e-10  1.28e-03    4.286767e-07  -1.657787e-06

After 8 iterations the fit converged.
final sum of squares of residuals : 5.78544e-10
rel. change during last iteration : -2.6808e-15

degrees of freedom    (FIT_NDF)                        : 9
rms of residuals      (FIT_STDFIT) = sqrt(WSSR/ndf)    : 8.01765e-06
variance of residuals (reduced chisquare) = WSSR/ndf   : 6.42827e-11

Final set of parameters            Asymptotic Standard Error
=======================            ==========================
e               = 4.28677e-07      +/- 2.385e-09    (0.5564%)
f               = -1.65779e-06     +/- 4.323e-06    (260.8%)

correlation matrix of the fit parameters:
                e      f      
e               1.000 
f              -0.829  1.000 


*******************************************************************************
Fri Sep 30 13:46:17 2016


FIT:    data read from "times" using 1:2
        format = x:z
        #datapoints = 11
        residuals are weighted equally (unit weight)

function used for fitting: f(x)
	f(x) = a*x*log(x) + b
fitted parameters initialized with current variable values

iter      chisq       delta/lim  lambda   a             b            
   0 3.6123664835e+07   0.00e+00  1.28e+03    1.000000e+00   1.000000e+00
   7 3.0594409659e-03  -6.23e-07  1.28e-04    6.948375e-04  -3.599984e-02

After 7 iterations the fit converged.
final sum of squares of residuals : 0.00305944
rel. change during last iteration : -6.22687e-12

degrees of freedom    (FIT_NDF)                        : 9
rms of residuals      (FIT_STDFIT) = sqrt(WSSR/ndf)    : 0.0184374
variance of residuals (reduced chisquare) = WSSR/ndf   : 0.000339938

Final set of parameters            Asymptotic Standard Error
=======================            ==========================
a               = 0.000694837      +/- 5.485e-06    (0.7894%)
b               = -0.0359998       +/- 0.009942     (27.62%)

correlation matrix of the fit parameters:
                a      b      
a               1.000 
b              -0.829  1.000 


*******************************************************************************
Fri Sep 30 13:46:17 2016


FIT:    data read from "times" using 1:3
        format = x:z
        #datapoints = 11
        residuals are weighted equally (unit weight)

function used for fitting: h(x)
	h(x) = e*x*log(x) + f
fitted parameters initialized with current variable values

iter      chisq       delta/lim  lambda   e             f            
   0 3.6172671594e+07   0.00e+00  1.28e+03    1.000000e+00   1.000000e+00
   8 5.7854400428e-10  -2.68e-10  1.28e-03    4.286767e-07  -1.657787e-06

After 8 iterations the fit converged.
final sum of squares of residuals : 5.78544e-10
rel. change during last iteration : -2.6808e-15

degrees of freedom    (FIT_NDF)                        : 9
rms of residuals      (FIT_STDFIT) = sqrt(WSSR/ndf)    : 8.01765e-06
variance of residuals (reduced chisquare) = WSSR/ndf   : 6.42827e-11

Final set of parameters            Asymptotic Standard Error
=======================            ==========================
e               = 4.28677e-07      +/- 2.385e-09    (0.5564%)
f               = -1.65779e-06     +/- 4.323e-06    (260.8%)

correlation matrix of the fit parameters:
                e      f      
e               1.000 
f              -0.829  1.000 


*******************************************************************************
Fri Sep 30 13:49:12 2016


FIT:    data read from "times" using 1:2
        format = x:z
        #datapoints = 11
        residuals are weighted equally (unit weight)

function used for fitting: f(x)
	f(x) = a*x*log(x) + b
fitted parameters initialized with current variable values

iter      chisq       delta/lim  lambda   a             b            
   0 3.6123664835e+07   0.00e+00  1.28e+03    1.000000e+00   1.000000e+00
   7 3.0594409659e-03  -6.23e-07  1.28e-04    6.948375e-04  -3.599984e-02

After 7 iterations the fit converged.
final sum of squares of residuals : 0.00305944
rel. change during last iteration : -6.22687e-12

degrees of freedom    (FIT_NDF)                        : 9
rms of residuals      (FIT_STDFIT) = sqrt(WSSR/ndf)    : 0.0184374
variance of residuals (reduced chisquare) = WSSR/ndf   : 0.000339938

Final set of parameters            Asymptotic Standard Error
=======================            ==========================
a               = 0.000694837      +/- 5.485e-06    (0.7894%)
b               = -0.0359998       +/- 0.009942     (27.62%)

correlation matrix of the fit parameters:
                a      b      
a               1.000 
b              -0.829  1.000 


*******************************************************************************
Fri Sep 30 13:49:12 2016


FIT:    data read from "times" using 1:3
        format = x:z
        #datapoints = 11
        residuals are weighted equally (unit weight)

function used for fitting: h(x)
	h(x) = e*x*log(x) + f
fitted parameters initialized with current variable values

iter      chisq       delta/lim  lambda   e             f            
   0 3.6172671594e+07   0.00e+00  1.28e+03    1.000000e+00   1.000000e+00
   8 5.7854400428e-10  -2.68e-10  1.28e-03    4.286767e-07  -1.657787e-06

After 8 iterations the fit converged.
final sum of squares of residuals : 5.78544e-10
rel. change during last iteration : -2.6808e-15

degrees of freedom    (FIT_NDF)                        : 9
rms of residuals      (FIT_STDFIT) = sqrt(WSSR/ndf)    : 8.01765e-06
variance of residuals (reduced chisquare) = WSSR/ndf   : 6.42827e-11

Final set of parameters            Asymptotic Standard Error
=======================            ==========================
e               = 4.28677e-07      +/- 2.385e-09    (0.5564%)
f               = -1.65779e-06     +/- 4.323e-06    (260.8%)

correlation matrix of the fit parameters:
                e      f      
e               1.000 
f              -0.829  1.000 
